[debug] [2026-03-29T16:32:37.874Z] ----------------------------------------------------------------------
[debug] [2026-03-29T16:32:37.876Z] Command:       /home/nsreekum/.nvm/versions/node/v24.14.1/bin/node /home/nsreekum/.nvm/versions/node/v24.14.1/bin/firebase init hosting
[debug] [2026-03-29T16:32:37.876Z] CLI Version:   15.12.0
[debug] [2026-03-29T16:32:37.876Z] Platform:      linux
[debug] [2026-03-29T16:32:37.876Z] Node Version:  v24.14.1
[debug] [2026-03-29T16:32:37.876Z] Time:          Sun Mar 29 2026 11:32:37 GMT-0500 (Central Daylight Time)
[debug] [2026-03-29T16:32:37.876Z] ----------------------------------------------------------------------
[debug] 
[info] 
     ######## #### ########  ######## ########     ###     ######  ########
     ##        ##  ##     ## ##       ##     ##  ##   ##  ##       ##
     ######    ##  ########  ######   ########  #########  ######  ######
     ##        ##  ##    ##  ##       ##     ## ##     ##       ## ##
     ##       #### ##     ## ######## ########  ##     ##  ######  ########

You're about to initialize a Firebase project in this directory:

  /home/nsreekum/Personal/portfolio

[info] 
=== Project Setup
[info] 
[info] First, let's associate this project directory with a Firebase project.
[info] You can create multiple project aliases by running firebase use --add, 
[info] 
[debug] [2026-03-29T16:32:44.003Z] > command requires scopes: ["email","openid","https://www.googleapis.com/auth/cloudplatformprojects.readonly","https://www.googleapis.com/auth/firebase","https://www.googleapis.com/auth/cloud-platform"]
[debug] [2026-03-29T16:32:44.004Z] > authorizing via signed-in user (nikhs247@gmail.com)
[debug] [2026-03-29T16:32:44.006Z] Checked if tokens are valid: true, expires at: 1774805539514
[debug] [2026-03-29T16:32:44.006Z] Checked if tokens are valid: true, expires at: 1774805539514
[debug] [2026-03-29T16:32:44.008Z] >>> [apiv2][query] GET https://firebase.googleapis.com/v1beta1/projects pageSize=100
[debug] [2026-03-29T16:32:44.565Z] <<< [apiv2][status] GET https://firebase.googleapis.com/v1beta1/projects 200
[debug] [2026-03-29T16:32:44.565Z] <<< [apiv2][body] GET https://firebase.googleapis.com/v1beta1/projects [omitted]
[info] 
=== Hosting Setup
[debug] [2026-03-29T16:32:50.815Z] Checked if tokens are valid: true, expires at: 1774805539514
[debug] [2026-03-29T16:32:50.815Z] Checked if tokens are valid: true, expires at: 1774805539514
[debug] [2026-03-29T16:32:50.815Z] >>> [apiv2][query] GET https://firebase.googleapis.com/v1beta1/projects/nsreekum-portfolio [none]
[debug] [2026-03-29T16:32:51.316Z] <<< [apiv2][status] GET https://firebase.googleapis.com/v1beta1/projects/nsreekum-portfolio 200
[debug] [2026-03-29T16:32:51.316Z] <<< [apiv2][body] GET https://firebase.googleapis.com/v1beta1/projects/nsreekum-portfolio {"projectId":"nsreekum-portfolio","projectNumber":"861574725924","displayName":"nsreekum-portfolio","name":"projects/nsreekum-portfolio","resources":{"hostingSite":"nsreekum-portfolio"},"state":"ACTIVE","etag":"1_ffe9e495-a120-4158-b186-b6545176cc25"}
[info] 
[info] Your public directory is the folder (relative to your project directory) that
[info] will contain Hosting assets to be uploaded with firebase deploy. If you
[info] have a build process for your assets, use your build's output directory.
[info] 
